

Build: http://jenkins.sd-datasolutions.de/job/Lucene-Solr-trunk-Linux-Java6-64/1090/

1 tests failed.
REGRESSION:  org.apache.lucene.analysis.ngram.NGramTokenizerTest.testRandomStrings

Error Message:
some thread(s) failed

Stack Trace:
java.lang.RuntimeException: some thread(s) failed
       at __randomizedtesting.SeedInfo.seed([256D0DE54BD0473A:ADE40D5BE8D4100F]:0)
       at org.apache.lucene.analysis.BaseTokenStreamTestCase.checkRandomData(BaseTokenStreamTestCase.java:463)
       at org.apache.lucene.analysis.ngram.NGramTokenizerTest.testRandomStrings(NGramTokenizerTest.java:106)
       at sun.reflect.NativeMethodAccessorImpl.invoke0(Native Method)
       at sun.reflect.NativeMethodAccessorImpl.invoke(NativeMethodAccessorImpl.java:39)
       at sun.reflect.DelegatingMethodAccessorImpl.invoke(DelegatingMethodAccessorImpl.java:25)
       at java.lang.reflect.Method.invoke(Method.java:597)
       at com.carrotsearch.randomizedtesting.RandomizedRunner.invoke(RandomizedRunner.java:1969)
       at com.carrotsearch.randomizedtesting.RandomizedRunner.access$1100(RandomizedRunner.java:132)
       at com.carrotsearch.randomizedtesting.RandomizedRunner$6.evaluate(RandomizedRunner.java:814)
       at com.carrotsearch.randomizedtesting.RandomizedRunner$7.evaluate(RandomizedRunner.java:875)
       at com.carrotsearch.randomizedtesting.RandomizedRunner$8.evaluate(RandomizedRunner.java:889)
       at org.apache.lucene.util.TestRuleSetupTeardownChained$1.evaluate(TestRuleSetupTeardownChained.java:50)
       at org.apache.lucene.util.TestRuleFieldCacheSanity$1.evaluate(TestRuleFieldCacheSanity.java:32)
       at org.apache.lucene.util.AbstractBeforeAfterRule$1.evaluate(AbstractBeforeAfterRule.java:45)
       at com.carrotsearch.randomizedtesting.rules.SystemPropertiesInvariantRule$1.evaluate(SystemPropertiesInvariantRule.java:55)
       at org.apache.lucene.util.TestRuleReportUncaughtExceptions$1.evaluate(TestRuleReportUncaughtExceptions.java:68)
       at org.apache.lucene.util.TestRuleThreadAndTestName$1.evaluate(TestRuleThreadAndTestName.java:48)
       at org.apache.lucene.util.TestRuleMarkFailure$1.evaluate(TestRuleMarkFailure.java:48)
       at com.carrotsearch.randomizedtesting.RandomizedRunner.runSingleTest(RandomizedRunner.java:821)
       at com.carrotsearch.randomizedtesting.RandomizedRunner.access$700(RandomizedRunner.java:132)
       at com.carrotsearch.randomizedtesting.RandomizedRunner$3$1.run(RandomizedRunner.java:669)
       at com.carrotsearch.randomizedtesting.RandomizedRunner$3.evaluate(RandomizedRunner.java:695)
       at com.carrotsearch.randomizedtesting.RandomizedRunner$4.evaluate(RandomizedRunner.java:734)
       at com.carrotsearch.randomizedtesting.RandomizedRunner$5.evaluate(RandomizedRunner.java:745)
       at org.apache.lucene.util.AbstractBeforeAfterRule$1.evaluate(AbstractBeforeAfterRule.java:45)
       at org.apache.lucene.util.TestRuleReportUncaughtExceptions$1.evaluate(TestRuleReportUncaughtExceptions.java:68)
       at org.apache.lucene.util.TestRuleStoreClassName$1.evaluate(TestRuleStoreClassName.java:38)
       at org.apache.lucene.util.TestRuleIcuHack$1.evaluate(TestRuleIcuHack.java:51)
       at com.carrotsearch.randomizedtesting.rules.SystemPropertiesInvariantRule$1.evaluate(SystemPropertiesInvariantRule.java:55)
       at org.apache.lucene.util.TestRuleNoInstanceHooksOverrides$1.evaluate(TestRuleNoInstanceHooksOverrides.java:53)
       at org.apache.lucene.util.TestRuleNoStaticHooksShadowing$1.evaluate(TestRuleNoStaticHooksShadowing.java:52)
       at org.apache.lucene.util.TestRuleAssertionsRequired$1.evaluate(TestRuleAssertionsRequired.java:36)
       at org.apache.lucene.util.TestRuleMarkFailure$1.evaluate(TestRuleMarkFailure.java:48)
       at org.apache.lucene.util.TestRuleIgnoreTestSuites$1.evaluate(TestRuleIgnoreTestSuites.java:56)
       at com.carrotsearch.randomizedtesting.RandomizedRunner.runSuite(RandomizedRunner.java:605)
       at com.carrotsearch.randomizedtesting.RandomizedRunner.access$400(RandomizedRunner.java:132)
       at com.carrotsearch.randomizedtesting.RandomizedRunner$2.run(RandomizedRunner.java:551)




Build Log:
[...truncated 3668 lines...]
  [junit4] Suite: org.apache.lucene.analysis.ngram.NGramTokenizerTest
  [junit4] ERROR   3162s J1 | NGramTokenizerTest.testRandomStrings
  [junit4]    > Throwable #1: java.lang.RuntimeException: some thread(s) failed
  [junit4]    >        at __randomizedtesting.SeedInfo.seed([256D0DE54BD0473A:ADE40D5BE8D4100F]:0)
  [junit4]    >        at org.apache.lucene.analysis.BaseTokenStreamTestCase.checkRandomData(BaseTokenStreamTestCase.java:463)
  [junit4]    >        at org.apache.lucene.analysis.ngram.NGramTokenizerTest.testRandomStrings(NGramTokenizerTest.java:106)
  [junit4]    >        at sun.reflect.NativeMethodAccessorImpl.invoke0(Native Method)
  [junit4]    >        at sun.reflect.NativeMethodAccessorImpl.invoke(NativeMethodAccessorImpl.java:39)
  [junit4]    >        at sun.reflect.DelegatingMethodAccessorImpl.invoke(DelegatingMethodAccessorImpl.java:25)
  [junit4]    >        at java.lang.reflect.Method.invoke(Method.java:597)
  [junit4]    >        at com.carrotsearch.randomizedtesting.RandomizedRunner.invoke(RandomizedRunner.java:1969)
  [junit4]    >        at com.carrotsearch.randomizedtesting.RandomizedRunner.access$1100(RandomizedRunner.java:132)
  [junit4]    >        at com.carrotsearch.randomizedtesting.RandomizedRunner$6.evaluate(RandomizedRunner.java:814)
  [junit4]    >        at com.carrotsearch.randomizedtesting.RandomizedRunner$7.evaluate(RandomizedRunner.java:875)
  [junit4]    >        at com.carrotsearch.randomizedtesting.RandomizedRunner$8.evaluate(RandomizedRunner.java:889)
  [junit4]    >        at org.apache.lucene.util.TestRuleSetupTeardownChained$1.evaluate(TestRuleSetupTeardownChained.java:50)
  [junit4]    >        at org.apache.lucene.util.TestRuleFieldCacheSanity$1.evaluate(TestRuleFieldCacheSanity.java:32)
  [junit4]    >        at org.apache.lucene.util.AbstractBeforeAfterRule$1.evaluate(AbstractBeforeAfterRule.java:45)
  [junit4]    >        at com.carrotsearch.randomizedtesting.rules.SystemPropertiesInvariantRule$1.evaluate(SystemPropertiesInvariantRule.java:55)
  [junit4]    >        at org.apache.lucene.util.TestRuleReportUncaughtExceptions$1.evaluate(TestRuleReportUncaughtExceptions.java:68)
  [junit4]    >        at org.apache.lucene.util.TestRuleThreadAndTestName$1.evaluate(TestRuleThreadAndTestName.java:48)
  [junit4]    >        at org.apache.lucene.util.TestRuleMarkFailure$1.evaluate(TestRuleMarkFailure.java:48)
  [junit4]    >        at com.carrotsearch.randomizedtesting.RandomizedRunner.runSingleTest(RandomizedRunner.java:821)
  [junit4]    >        at com.carrotsearch.randomizedtesting.RandomizedRunner.access$700(RandomizedRunner.java:132)
  [junit4]    >        at com.carrotsearch.randomizedtesting.RandomizedRunner$3$1.run(RandomizedRunner.java:669)
  [junit4]    >        at com.carrotsearch.randomizedtesting.RandomizedRunner$3.evaluate(RandomizedRunner.java:695)
  [junit4]    >        at com.carrotsearch.randomizedtesting.RandomizedRunner$4.evaluate(RandomizedRunner.java:734)
  [junit4]    >        at com.carrotsearch.randomizedtesting.RandomizedRunner$5.evaluate(RandomizedRunner.java:745)
  [junit4]    >        at org.apache.lucene.util.AbstractBeforeAfterRule$1.evaluate(AbstractBeforeAfterRule.java:45)
  [junit4]    >        at org.apache.lucene.util.TestRuleReportUncaughtExceptions$1.evaluate(TestRuleReportUncaughtExceptions.java:68)
  [junit4]    >        at org.apache.lucene.util.TestRuleStoreClassName$1.evaluate(TestRuleStoreClassName.java:38)
  [junit4]    >        at org.apache.lucene.util.TestRuleIcuHack$1.evaluate(TestRuleIcuHack.java:51)
  [junit4]    >        at com.carrotsearch.randomizedtesting.rules.SystemPropertiesInvariantRule$1.evaluate(SystemPropertiesInvariantRule.java:55)
  [junit4]    >        at org.apache.lucene.util.TestRuleNoInstanceHooksOverrides$1.evaluate(TestRuleNoInstanceHooksOverrides.java:53)
  [junit4]    >        at org.apache.lucene.util.TestRuleNoStaticHooksShadowing$1.evaluate(TestRuleNoStaticHooksShadowing.java:52)
  [junit4]    >        at org.apache.lucene.util.TestRuleAssertionsRequired$1.evaluate(TestRuleAssertionsRequired.java:36)
  [junit4]    >        at org.apache.lucene.util.TestRuleMarkFailure$1.evaluate(TestRuleMarkFailure.java:48)
  [junit4]    >        at org.apache.lucene.util.TestRuleIgnoreTestSuites$1.evaluate(TestRuleIgnoreTestSuites.java:56)
  [junit4]    >        at com.carrotsearch.randomizedtesting.RandomizedRunner.runSuite(RandomizedRunner.java:605)
  [junit4]    >        at com.carrotsearch.randomizedtesting.RandomizedRunner.access$400(RandomizedRunner.java:132)
  [junit4]    >        at com.carrotsearch.randomizedtesting.RandomizedRunner$2.run(RandomizedRunner.java:551)
  [junit4]    > Throwable #2: java.lang.RuntimeException: Thread threw an uncaught exception, thread: Thread[Thread-548,5,]
  [junit4]    >        at com.carrotsearch.randomizedtesting.RunnerThreadGroup.processUncaught(RunnerThreadGroup.java:96)
  [junit4]    >        at com.carrotsearch.randomizedtesting.RandomizedRunner.runSingleTest(RandomizedRunner.java:857)
  [junit4]    >        at com.carrotsearch.randomizedtesting.RandomizedRunner.access$700(RandomizedRunner.java:132)
  [junit4]    >        at com.carrotsearch.randomizedtesting.RandomizedRunner$3$1.run(RandomizedRunner.java:669)
  [junit4]    >        at com.carrotsearch.randomizedtesting.RandomizedRunner$3.evaluate(RandomizedRunner.java:695)
  [junit4]    >        at com.carrotsearch.randomizedtesting.RandomizedRunner$4.evaluate(RandomizedRunner.java:734)
  [junit4]    >        at com.carrotsearch.randomizedtesting.RandomizedRunner$5.evaluate(RandomizedRunner.java:745)
  [junit4]    >        at org.apache.lucene.util.AbstractBeforeAfterRule$1.evaluate(AbstractBeforeAfterRule.java:45)
  [junit4]    >        at org.apache.lucene.util.TestRuleReportUncaughtExceptions$1.evaluate(TestRuleReportUncaughtExceptions.java:68)
  [junit4]    >        at org.apache.lucene.util.TestRuleStoreClassName$1.evaluate(TestRuleStoreClassName.java:38)
  [junit4]    >        at org.apache.lucene.util.TestRuleIcuHack$1.evaluate(TestRuleIcuHack.java:51)
  [junit4]    >        at com.carrotsearch.randomizedtesting.rules.SystemPropertiesInvariantRule$1.evaluate(SystemPropertiesInvariantRule.java:55)
  [junit4]    >        at org.apache.lucene.util.TestRuleNoInstanceHooksOverrides$1.evaluate(TestRuleNoInstanceHooksOverrides.java:53)
  [junit4]    >        at org.apache.lucene.util.TestRuleNoStaticHooksShadowing$1.evaluate(TestRuleNoStaticHooksShadowing.java:52)
  [junit4]    >        at org.apache.lucene.util.TestRuleAssertionsRequired$1.evaluate(TestRuleAssertionsRequired.java:36)
  [junit4]    >        at org.apache.lucene.util.TestRuleMarkFailure$1.evaluate(TestRuleMarkFailure.java:48)
  [junit4]    >        at org.apache.lucene.util.TestRuleIgnoreTestSuites$1.evaluate(TestRuleIgnoreTestSuites.java:56)
  [junit4]    >        at com.carrotsearch.randomizedtesting.RandomizedRunner.runSuite(RandomizedRunner.java:605)
  [junit4]    >        at com.carrotsearch.randomizedtesting.RandomizedRunner.access$400(RandomizedRunner.java:132)
  [junit4]    >        at com.carrotsearch.randomizedtesting.RandomizedRunner$2.run(RandomizedRunner.java:551)
  [junit4]    > Caused by: java.lang.AssertionError: ram was 41605728 expected: 40986328 flush mem: 27371536 activeMem: 14234192 pendingMem: 0 flushingMem: 2 blockedMem: 0 peakDeltaMem: 3715948
  [junit4]    >        at __randomizedtesting.SeedInfo.seed([256D0DE54BD0473A]:0)
  [junit4]    >        at org.apache.lucene.index.DocumentsWriterFlushControl.assertMemory(DocumentsWriterFlushControl.java:114)
  [junit4]    >        at org.apache.lucene.index.DocumentsWriterFlushControl.doAfterDocument(DocumentsWriterFlushControl.java:181)
  [junit4]    >        at org.apache.lucene.index.DocumentsWriter.updateDocuments(DocumentsWriter.java:348)
  [junit4]    >        at org.apache.lucene.index.IndexWriter.updateDocuments(IndexWriter.java:1174)
  [junit4]    >        at org.apache.lucene.index.IndexWriter.addDocuments(IndexWriter.java:1134)
  [junit4]    >        at org.apache.lucene.index.RandomIndexWriter.addDocument(RandomIndexWriter.java:157)
  [junit4]    >        at org.apache.lucene.index.RandomIndexWriter.addDocument(RandomIndexWriter.java:145)
  [junit4]    >        at org.apache.lucene.analysis.BaseTokenStreamTestCase.checkRandomData(BaseTokenStreamTestCase.java:555)
  [junit4]    >        at org.apache.lucene.analysis.BaseTokenStreamTestCase.access$000(BaseTokenStreamTestCase.java:57)
  [junit4]    >        at org.apache.lucene.analysis.BaseTokenStreamTestCase$AnalysisThread.run(BaseTokenStreamTestCase.java:414)
  [junit4]    >
  [junit4]   2> TEST FAIL: useCharFilter=false text='s z zxpw qu j jlpc \u10bd\u10bb\u10b4\u10c3\u10ab\u10a5 ag zuv vtjj \u0492\ue462\ue1b8\u02cd\uaf99\u026a cxv  xcyqyq m\ud9cbb \u1b84\u1ba7\u1b8c\u1b86 zq \u2059 fkg \u16f1\u16cf\u16f5\u16ca\u16ce\u16e4\u16a2 ya[ik \u0009^1  ;&# \uaa44\uaa13\uaa5b\uaa59\uaa12\uaa16 \ua965\ua97d\ua964\ua97d\ua968\ua974\ua966 \ue5db\uac21   \ue714\u6564et\u885d kjkqd .{ \ue932 \uf987 smyv bynhphqp kbv ] ]{1 qtrr \u2de6\u2df9\u2dfd \u042f$ twbpfnaz \uf12a\u8760c\uf242\u65dd ptwfoph [{1, t xmbvs OmFr \ua9d8\ua9c3\ua9a0\ua9c8\ua9db\ua9da\ua9c8\ua983 \u10431 \ud7c9\ud7d9\ud7e1\ud7fe\ud7d6\ud7b6 \u5649\uabdd~ e iceex hlglb ppcbklfa spq  \ua778\ua7ae \u258d\u2594\u2583\u259b\u2584\u258d\u2592\u259e \u034f jhbacf \u1ba7\u1b92\u1ba2\u1b88 yi q \ueab0\u9dc33\u065b\u0134\u0793 (h{0,5 cgg Swe \u0398\uf2c5[\u1920\ue5f9\u0589\u813a o \ua5ea\ua52f  r bWf  \u319c\u3198\u319d\u3193\u319e\u319a z|z.) \u24e3\u24de\u24d4\u2487\u24ce vqaaafd ? \u2bb9\u2b65\u2b3b\u2b9e  -yv.{0,5} \ue611\u01033\u0342\uea5c\u4164)\u0677  jnfaymol j \u2508 vvge \uf437\uc22d  pfoubst av \u26a3\u26b8\u266c\u2695\u269b \u4ddf \ua15d\ua3ef\ua2c2 </p  focqf \u014d\ub45ei -h \ua8fe\ua8f1\ua8ec\ua8fd\ua8f7 \u5ca7\u07cf ' \u02c0\u0342\ue884\u2890v\u9f78d oqsnpewn xbblilaf tndwtfqtj bjedbercm  By \u23f2 \u2df7\u2dfd\u2de2\u2de4 vdxdw \u6809\u9e9cf\ud632\uf524  \u10816  \ua800\ua81f\ua81a\ua821\ua80a\ua808 \ua73d\ua781\ua7ae all > \ua820\ua80b \u30d2\u30df\u30ff\u30f3 \u1008b vjijpdh </script> \u10164\u10183  myzcm \ua726 vkp iljo xetk athqzre fx juik \u0692  f(r 5\u7485\u6675 lvle  \u79300\u2370e\ufdab\uff94\uffb7\uf855T \u2618k ?{0,5}jn[?eh( qpawziia  ctb \u2b33\u2bad\u2bb6 uq  \ufe3c\u0794\uf225 \ua966\ue47a\u058a\ue094 hmb vef gunpnry \u0175 {0 lgr rspeigro \u0cf9\u0cfe dqg \u1b40\u1b03\u1b67\u1b08\u1b00\u1b22\u1b0f  acvfnq \u001e u \uf3c5\u29ff\uf172\u05e7\uf12f\u0651 fhb m lxjaa \u1c4d\u1c07\u1c3f\u1c09\u1c1b gdg \u1006\u105c\u1080\u1057\u1017\u1044\u1090 9\u043c\u523d5h\u0350 \u1d36a\u1d373 hxvvq hp ;--> 9\u4362f\ue6cab\\M\u0213 \u1c40\u1c2a\u1c40\u1c02 \u118a#\ueedb\uf9946 trm  \ue434dP\uffc9\ua0fe0\u001c \u24e0\u2468\u24c9\u24ba\u24e4\u2467 cylyAdr \u0455\u038e\uf37ak ggk hodch \u10850\u10850\u1085c\u10851\u10851 \u1103 vmbr \ub7963 \u0d5e\u0d6b\u0d39\u0d59\u0d1d\u0d0c\u0d3c \u015f\u01f0H\ucd55\u3fe0\u000e \ufe16\ufe1a\ufe18\ufe1e\ufe12\ufe11\ufe1e\ufe11\ufe1f )(]).{0,5}q \u0382\ud0047F\u5267\ue3c2 </ &# Tl\u0013\u6363\u11c61  gqftlg  S <!-- vy \u1fab vbe uth uep \u26a00\u25de5 \u07b2\ua5a2 pojdwa _\uad8b1b\u8d40 dzjra patxxtyk \u17ed\uff16o kvqyelu  \u31e6\u31ce\u31eb\u31e8 \ubcc2\u037ezH zx \u1e82\u1eca\u1ea9 zaki \u050c\u1b6e\uef15> \u2c60\u2c75\u2c78\u2c70\u2c65 x \u1fff\u1f27\u1fee \n\\\"\\' \uf0c7v\u3347Xy\uf83b \uebacd\u7a90f\ub5a7 rowfh \u1fe11\ufa3f\u0016\u96a6 pja euu \u8edc\ue07b\ubdf4\ub689\ub8b31h\u5a38 acqheoidhmu 7\u24f0\u087f\u8578\u4555 ksszgdl \u12d7\u12d8\u133b\u1211\u1280 kyfcnb ejnep \"p \u1968\u1967\u1950\u1956 ejinsu ohkiz  rcksdpve \ufcf7\u016a \ua5bd\ua504\ua5ea\ua540\ua5d5\ua627 \ue6a7\u7764\u7d60d\ub4cc\u5156\ufb49\u06b3\u0001 fervu  xn \u2d40\u2d5d\u2d3a\u2d7f\u2d4e vgs fsut {0,5}s \u10060\u10072\u10075 xxgks \u2813\u28a1  wusp ejjafxhc ihde zitwdlxavrh eh poh ri x\u667c6\u01f6 paie \ua8e6\ua8ef\ua8e0\ua8f5\ua8f2\ua8fa \u0685 pmacb jeo \uff52\uff77 zy '<p> ?rel \\' \u27d6\u27ce tu \ufe17\ufe13 zb shlkou K  zvjowv gy sl \uaac8\uaad1\uaab4\uaaac\uaa97\uaad7\uaab5\uaaa8\uaac7\uaad8\uaa9e 4  \u0003' \\\"\" \u20e6\u20e3\u20f5 nfkwsd rwlw \uf41f ewv az  \u07bb qtc  ndUYsp  \u3160\u314e\u3136\u3139\u3185\u3133\u3175 debq   vdfd \u7d87f\u1983\ue1d4.- yeo \u0485ml z <?\n'\\'</s < u fhk \u07f2\u0325\u16a242 ptma \u0a85\u0ad8\u0a82\u0a90\u0ae0 \u6f84\u8a56\u1dec\u450e\u2d22c\u10da6f \u1d7c\u1d2f \ufa3c\u1430\u2b9be\u0770\u0018 lcgnclfdii ,\u54cf\u01ad\ubcfdf \u103cb\u103d9   \"  | \u00f0\u00c6\u00bb\u00cb\u00cc\u00dd\u00fb rmi \ufc97\ufd78\ufbce ynclv \ufcca\ufc0b\ufb6a\ufc25 hpnukxtjn ptuoqdda \u00e2\u597a\u0010\u2883\ub3cd\ue10f\uf3c8 j muwt bw \u37c3\ua4873 x \u87fe\u4a5f2\ufda5  \u2ad79\u2b5bf\u2b21c\u2ad13\u2b102 skrl rgepp \u1939\u1920\u1948\u1904\u194c \u07be \ueaef\uedfe\u0481\u010d \ubb01a\uce0a\u0668 </   ancxfe  fhgaca  nk 3\u45aa s]o]{0,  \u7152 tv \u044e\u02d6\u09e8 \u0a66\u0a69\u0a2e\u0a47\u0a62\u0a1c\u0a0b \u173f\u172b \u0504\u0515\u0504\u0520 \u9d67\uc6e0\ue13e\r\u6a67z \u02b3V\u6ff7\uf534\ueade\ue092\u06a2 b ebchlicd  \u04f9\u4141d\u0011\ue6ae \u0937\u097b\u092c\u096f\u0928\u0944\u0941 iwwrdqu  nkkz mu[[. \\'-->& ckbhwuat \u2e01\u2e2e\u2e12\u2e33\u2e30 >c \u1118\u1138\u1172\u1137\u11e8\u110a\u1147 \u0467 o \ue87ff  \u1090d\u10900  nreqyjvatc  \ued5a\uf44b udmc wnmg \u20da\u20d7\u20d4\u20ea\u20e4 \u2e2d\u2e33\u2e34 \u2ff9\u2ff1\u2ffd\u2ff3 \u1aa7\u1a28 wmwm \u2554\u2571\u250f\u2558\u2521\u250d\u252b o kjes uq \ufe1f\ufe13\ufe16\ufe14\ufe15\ufe13\ufe17\ufe1d aeebxvf o[hk][( veh \u06e2\u00ad\u0125\ued9c\u2223 rwf lcmtqev Ksvu \ue01c4\ue0146\ue0182 jtx ljpqre etzwnjnn BOmuXt bs \u0cac\u0cb7 lij eu   x \ufe2b\u1054\u0454\ue410 rd fscl  &#x& gkmrw \u2cd4\u2cfd\u2cf3\u2c88\u2cf1\u2c98 \u0c29\u0c09\u0c75\u0c4e zrhpfAdpax \u05477 &Ps  \ua6dc\ua6ae \u5b38e\ue7dbZ\ud038e\ua712b b{1,5})h rt \u185b \u31a9\u31ba\u31a9\u31bb\u31b7\u31b2\u31a9\u31ba \u2cf5\u2cfa\u2ca9\u2cfd ovxf xegi \uaec48\u09bb\ufd01\ua107\uf5c2 \u2f70\u2f9a cppxm zzi ?><! epsrs \u076e\u0761\u0754\u075e\u075f\u075a\u0754\u0763 \u1093f\u10922   ` ]{0, & qgbiwn  < vyge acmvidw xbwgrppk \uf612p\u05f5^\u048f\u056d \ud6436\u9cde0\u274e\u0592 tamcca \ufd7b\ufbf9\ufb88\ufbae tusifiwj \u000f\u0600\uef93}\u28e7\u599ab zk \u09ed\u09d1 > y \u013d\u0171\u011e\u0142\u012f irxvlpgbl xiw tjdelwn lxlojUEj  Ttik xtoxop dansms  \u29b5\u2983\u299a\u2988\u29b1 |(](|s[ tgllq vmuy ksizv \ua77f\ua74a\ua759\ua799\ua7f4\ua75b\ua7ee\ua770 vvm agcuehf syu f \ufe79\u001d raxj \u8f2aH \u207a\u2086\u207f\u208b\u207b\u2088\u2098 \ud813b\u1f70  vpawp hevp \u4436\ueace9\u2133 koaba mikat \u31fe\u31f8\u31f6\u31f2\u31f5\u31f3\u31f2\u31fd\u31ff \ue19b\u0424\u04f6K\ucab95 thmvy  \uffa6\uff6e\uff1c\uff98\uff82\uff44 \\'\\ pahfinz \uf650\ue338\u15b4\u0011\" \uf9a3\ufac3\uf905\uf9d1\ufa80\uf976 ' \u1357\u1244\u1336\u1209\u124f\u1338 o pora   \u3107\u3106\u312e\u310e\u3126\u3115\u3108 \u0014 \ua92c\ua905\ua920 \u8dfe2\u31102\ue695\uf742 nxsxezzn quende \u2d6e\u2d72\u2d4a\u2d6f aqroaomb  w.b({0 wtx ot \u2116\u2120\u2131 \uff65\u25ed\u023e\u3389\uecca\u89590\ud4325\ua3e9dx vj \uec30\u06057 oiq sfncjcxm jkcycin  \u040e anrwz \u024c\u42e01 <!--# fe qnf lq 6;T awm huxr d)l \ue404\ucfb1 \ua557\ua5be\ua588\ua5f3\ua58a\ua57c\ua5a6  L0\uf8ed q pbyvjuqtq \u0c51\u0c50 hsjfsnig glgw \u4d2d\u0342T\ufb58D\u0ed5 fmft ?><! p \u3b83a\ue92b\uc2d0\u0c95\u0091 \u2565 \u0a8e\u0ab2\u0acc\u0ac6 \u10a06\u10a27  ke bromtk hoixcmuvf onmotohc m\uf434\u2451  pesvv glrugbidmi aRRrrF ofopzwucn \u32b8\u86f4\uf05b \u2c98\u2c82\u2c97  ?s|]ql \u13c3\u13e3\u13e2\u13ac  mrgslmse \uf717 )wlax]|[ atq \u03ea}\u105b9a\u0443  ck  \ufa368\u0e3a \u5cae4&\ua107\u8581\uf5d0 \uf2d03\u0005 <p>?><?-- \u2458\u2454\u2450\u2442\u2450\u2446\u2452\u2451\u2444 \u174f\u1741\u174f wksf gsunjwo \u10348\u10344 \u4a4e\u10e36a\uf305 ></s \u0dfa\u0dbb\u0df5\u0d81\u0dc1\u0db2\u0dd7  otfvyni vc x \u0816\u0833\u082b\u0822\u0829\u080e \u477f\u0652\u03c3\u0301 \ua1cac \u16c6\u001c \ufe9c\ufe92 zzTWohEr \u0e48\u0e25\u0e23\u0e1c\u0e6b tqff x.)mpp f \uf876W\uea505I\u72df\u8c470 kt| xkyjxh ujerwftr \u2e5a\u2e78\u2e19\u2e44\u2e4d\u2e55\u2e47  msllr 5\ueac9\ufc31o \u039d\u9a5b\uf61b\ue5d5\u07b0\ue641\ua924\u07e5 g \ua907\ua900\ua92e \ua0468\ue2fb\ue945\uceaf \u16ea\u16fd\u16ea\u16b3\u16e3\u16ee\u16b1\u16cb\u16e8\u16bf \u1941\u1908\u1911\u194d\u193d\u1936\u1935 \u20d9\u20d8\u20eb\u20ea\u20ea\u20fa\u20ed jdrslh \u2153\u2171\u2180\u2181\u2161\u2153\u2160 \u0921 \u001c\u032ak \u10485\u10487 rqxuf I\ufce8 \u703e\u964d\u80bb\u6647\u739c\u75b5\u5f5d yu guanyrd rwuue c wv \u1c0c\u1c39\u1c21\u1c38 giu \u592da\u0440\u82a2\ue661  aqxoj \uac3f\u0018\u001a\ue7a8  uaj qio \u1e78\u1ee1\u1e27\u1e33 \u0220\u0227\u0209\u0229\u023f zrt crjd  yh yzn nkndmyewfqzi \ud54a\uc064\u00dd\ucb2d\u4d6b jmohh \u0b3d\u0b0b\u0b0c\u0b10\u0b46\u0b45 pzwi \\\"- ahbbaye tiazuvfnfh Q\u0179 \u2c68\u2c77\u2c7c kbpre aobgk uzsxgtxp &;>< n r \u68ca0\u00b1 kaqtji ] yq =^ \u10a78\u10a6c\u10a60 \ufe64\ufe6e\ufe53 hjMQtFba swv \u1f193 &#x54c {0,5} qxj qeat \ufe52\ufe66\ufe65 \u069a\ued9c\u037a\u00e7\u0657|\u0400 rjc yaeqtzpgsu \u72bdO\u0517\u4d4fa\uc910\u5b30 @\u02f5 \ua726 y\ua148\uf2b4 oaq \u2325 \ue153X p zdb \ud6bbN\u218e} \u1033f\u10347\u10341 d \u10016\u10071 \u309b \u0da2\u0da9 {1 \u9ed2\u8b89\u0a42 wpv ot g  oedh L\ub94f9u;Q \u0539\uaa76\u9e9b\u31d4 qje neizli xzxgeh \u2413 \u033f\u001f &#x3 \u2e34\u2e28\u2e5d\u2e08 xpne \u1029d zhj  \u01ed\uf1f2a\ufca5# ]|yd{0  lgfxbowak  fyuv ymsh ervcv \u22fc\u22bb \ufeaf\ufee6\ufeeb\ufef1\ufe71 ogrkop  \u319d \ud4b6\u614db \u2a08\u2a1c\u2a2a\u2ace\u2a86\u2a10\u2af9\u2a58\u2a43\u2a3f\u2abb\u2acc <  \u008b\uf68de\u06e5 \u104a2\u10482 qxurjt \uf7db\uf352\ue29c \"<p \u10286\u10280 hasmw  lmga mu \ufd0f\ubee28\u0648\u9aea\u1013b6\u8174\u0006\ue2aed ` w mciod aysqvom qnrtdqmqu nf nexjvlz \u2182\u2154\u2154\u2184\u216c \u05d1\uf045\ucd7e5\u2af3\u16683 pw dva \\\"<    \uf151\u0016\u053fe Y\u0002\u7872 \ufe1a\ufe17\ufe14\ufe18 jidqkxf bbr \u3190\u3196\u319e\u3194\u319b\u3194\u3195\u3191 llizhg wnkzu  jfcz \u05349\u0011 \u5050l\u0391\u06a0 \u5ef8\u03bd\ubc21 \u001e  \u0013\ufcc7 \ua8bb\ua8da pqsuegc ihux zgxsqjzsckix olu iext  ptfvv A\u59c7\u050c  nf cnteyylh m \uf0e2\u97f9t\u31183 lrtv <p></   <?&s jhwuauv OfwV \uecbf^\u03e3\uc563\ued78\u584e\ue177 \u169f\u1691\u169a\u169c\u1681 n ahfejklim \u00b7-\ufea9 dbg bwdkew slxkv \uf723  fmntdq qjkfhl a fr[[ \u1041a\u1044b gu \u1d355 e |])cev \u1033b\u10333\u10332 Y \u3027\u300d\u3019 w \u0770\u076f\u0761\u0775\u0760\u076c\u0774 pvduh pstk mzh rg \ua8d6 gtex \u2335\u237b\u2344\u238e fyns uirr  \u0fc5\u0fad\u0f51 jwfpos bc \u03df\u03c5\u0395\u03b0\u0384 \u13186\u1302f\u1340e\u133e0 \u313b\u3136 oo{ upa \u19c2\u198f\u1998\u199e nko \u1d36a wro dpu \ua84f\ua878\ua852 Y\ucd66 btpml hefxu u \uf4fc\u0708\u0669\u9520 kkbiqh weecmoy gej xAm hn <   frge wuc &#1564800  zfi xon ozbtjdbnjqx \u04de\u0421\u047c\u04d1 iy \ufe35\ufe47\ufe3e tyrbgo czunk o\u05a1 <?<p oz igye \u24af\u24d0\u249c\u248e\u24cf\u24bf \ud7c3\uf4c0 xeqodif pyl(a ni \u12387\u122db mmibcrb  pboxwmy k ghtr lwqolgdvc \ud7e9\ud7ec\ud7d3\ud7cb\ud7ff &# \uaac1\uaa98\uaaba\uaab0\uaaa1 \u0c7d\uaa2d\u7302\u6246f\uce3e3 ixmms \uff1f\uff80\uffa4 \ue2d2\u01ed t?](k bai \u214e\u214b\u2143 npmzph \ua4fc\ua4e2\ua4d4\ua4d3\ua4d4  \ua82f\ua81e\ua82f\ua809 o \u2175\u216c sibzotjcl zwaoxf bchxwxe  w oes iz  rmiq cm  \uf1b5\u05b6\u74a80\u06a2\ufcbc \u458b  jbwscrrdaor pbra \ua7db\ua729\ua756\ua7f6\ua762\ua763 \uff64\ua5121\ue447\u05c6 akf suk lgpjc lixjys wjrf'
  [junit4]   2> NOTE: reproduce with: ant test  -Dtestcase=NGramTokenizerTest -Dtests.method=testRandomStrings -Dtests.seed=256D0DE54BD0473A -Dtests.multiplier=3 -Dtests.locale=es_AR -Dtests.timezone=Asia/Baku -Dargs="-Dfile.encoding=UTF-8"
  [junit4]   2>
  [junit4]    > (@AfterClass output)
  [junit4]   2> NOTE: test params are: codec=Lucene40: {dummy=MockFixedIntBlock(blockSize=1329)}, sim=RandomSimilarityProvider(queryNorm=true,coord=true): {dummy=DFR I(n)3(800.0)}, locale=es_AR, timezone=Asia/Baku
  [junit4]   2> NOTE: Linux 2.6.32-41-server amd64/Sun Microsystems Inc. 1.6.0_32 (64-bit)/cpus=8,threads=1,free=222774808,total=419037184
  [junit4]   2> NOTE: All tests run in this JVM: [TestWordlistLoader, TestTurkishLowerCaseFilter, TestGermanMinimalStemFilter, TestSpanishAnalyzer, TestCJKWidthFilter, HunspellStemmerTest, TestDutchStemmer, TokenTypeSinkTokenizerTest, TestCharFilter, TestStemmerOverrideFilter, TestSolrSynonymParser, DateRecognizerSinkTokenizerTest, ShingleFilterTest, TestItalianLightStemFilter, TestThaiAnalyzer, TestPortugueseMinimalStemFilter, TestCharArraySet, TestKeepWordFilter, TestSnowball, TestLengthFilter, TestLimitTokenCountAnalyzer, TestFrenchLightStemFilter, TestItalianAnalyzer, TestLatvianStemmer, TestNorwegianLightStemFilter, TestGermanNormalizationFilter, TestPathHierarchyTokenizer, TokenRangeSinkTokenizerTest, TestHungarianAnalyzer, TestCharArrayIterator, TestCzechAnalyzer, TestSynonymMapFilter, TestBulgarianStemmer, CommonGramsFilterTest, TestPortugueseStemFilter, WikipediaTokenizerTest, TestCharTokenizers, TestRussianLightStemFilter, TestTypeTokenFilter, TestGermanAnalyzer, TestFinnishLightStemFilter, TestHindiAnalyzer, TestMappingCharFilter, TestBugInSomething, TestPerFieldAnalzyerWrapper, NGramTokenizerTest]
  [junit4]   2>
  [junit4] Completed on J1 in 3162.49s, 8 tests, 1 error <<< FAILURES!

[...truncated 23 lines...]
BUILD FAILED
/mnt/ssd/jenkins/workspace/Lucene-Solr-trunk-Linux-Java6-64/checkout/build.xml:29: The following error occurred while executing this line:
/mnt/ssd/jenkins/workspace/Lucene-Solr-trunk-Linux-Java6-64/checkout/lucene/build.xml:456: The following error occurred while executing this line:
/mnt/ssd/jenkins/workspace/Lucene-Solr-trunk-Linux-Java6-64/checkout/lucene/common-build.xml:1435: The following error occurred while executing this line:
/mnt/ssd/jenkins/workspace/Lucene-Solr-trunk-Linux-Java6-64/checkout/lucene/analysis/build.xml:101: The following error occurred while executing this line:
/mnt/ssd/jenkins/workspace/Lucene-Solr-trunk-Linux-Java6-64/checkout/lucene/analysis/build.xml:38: The following error occurred while executing this line:
/mnt/ssd/jenkins/workspace/Lucene-Solr-trunk-Linux-Java6-64/checkout/lucene/module-build.xml:62: The following error occurred while executing this line:
/mnt/ssd/jenkins/workspace/Lucene-Solr-trunk-Linux-Java6-64/checkout/lucene/common-build.xml:1037: The following error occurred while executing this line:
/mnt/ssd/jenkins/workspace/Lucene-Solr-trunk-Linux-Java6-64/checkout/lucene/common-build.xml:760: There were test failures: 139 suites, 891 tests, 1 error, 1 ignored

Total time: 60 minutes 57 seconds
Build step 'Execute shell' marked build as failure
Archiving artifacts
Recording test results
Email was triggered for: Failure
Sending email for trigger: Failure

