Bad news: flonking just failed with


Build: builds.flonkings.com/job/Lucene-trunk-Linux-Java6-64-test-only/11913/

1 tests failed.
REGRESSION:  org.apache.lucene.index.TestStressIndexing2.testMultiConfig

Error Message:
r1 is not empty but r2 is

Stack Trace:
java.lang.AssertionError: r1 is not empty but r2 is
        at __randomizedtesting.SeedInfo.seed([1A76D53A93A4ACAE:D7E4A3E23EF2B3E0]:0)
        at org.junit.Assert.fail(Assert.java:93)
        at org.apache.lucene.index.TestStressIndexing2.verifyEquals(TestStressIndexing2.java:341)
        at org.apache.lucene.index.TestStressIndexing2.verifyEquals(TestStressIndexing2.java:278)
        at org.apache.lucene.index.TestStressIndexing2.testMultiConfig(TestStressIndexing2.java:127)
        at sun.reflect.NativeMethodAccessorImpl.invoke0(Native Method)
        at sun.reflect.NativeMethodAccessorImpl.invoke(NativeMethodAccessorImpl.java:39)
        at sun.reflect.DelegatingMethodAccessorImpl.invoke(DelegatingMethodAccessorImpl.java:25)
        at java.lang.reflect.Method.invoke(Method.java:597)
        at com.carrotsearch.randomizedtesting.RandomizedRunner.invoke(RandomizedRunner.java:1559)
        at com.carrotsearch.randomizedtesting.RandomizedRunner.access$600(RandomizedRunner.java:79)
        at com.carrotsearch.randomizedtesting.RandomizedRunner$6.evaluate(RandomizedRunner.java:737)
        at com.carrotsearch.randomizedtesting.RandomizedRunner$7.evaluate(RandomizedRunner.java:773)
        at com.carrotsearch.randomizedtesting.RandomizedRunner$8.evaluate(RandomizedRunner.java:787)
        at org.apache.lucene.util.TestRuleSetupTeardownChained$1.evaluate(TestRuleSetupTeardownChained.java:50)
        at org.apache.lucene.util.TestRuleFieldCacheSanity$1.evaluate(TestRuleFieldCacheSanity.java:51)
        at org.apache.lucene.util.AbstractBeforeAfterRule$1.evaluate(AbstractBeforeAfterRule.java:45)
        at com.carrotsearch.randomizedtesting.rules.SystemPropertiesInvariantRule$1.evaluate(SystemPropertiesInvariantRule.java:55)
        at org.apache.lucene.util.TestRuleThreadAndTestName$1.evaluate(TestRuleThreadAndTestName.java:48)
        at org.apache.lucene.util.TestRuleIgnoreAfterMaxFailures$1.evaluate(TestRuleIgnoreAfterMaxFailures.java:70)
        at org.apache.lucene.util.TestRuleMarkFailure$1.evaluate(TestRuleMarkFailure.java:48)
        at com.carrotsearch.randomizedtesting.rules.StatementAdapter.evaluate(StatementAdapter.java:36)
        at com.carrotsearch.randomizedtesting.ThreadLeakControl$StatementRunner.run(ThreadLeakControl.java:358)
        at com.carrotsearch.randomizedtesting.ThreadLeakControl.forkTimeoutingTask(ThreadLeakControl.java:782)
        at com.carrotsearch.randomizedtesting.ThreadLeakControl$3.evaluate(ThreadLeakControl.java:442)
        at com.carrotsearch.randomizedtesting.RandomizedRunner.runSingleTest(RandomizedRunner.java:746)
        at com.carrotsearch.randomizedtesting.RandomizedRunner$3.evaluate(RandomizedRunner.java:648)
        at com.carrotsearch.randomizedtesting.RandomizedRunner$4.evaluate(RandomizedRunner.java:682)
        at com.carrotsearch.randomizedtesting.RandomizedRunner$5.evaluate(RandomizedRunner.java:693)
        at org.apache.lucene.util.AbstractBeforeAfterRule$1.evaluate(AbstractBeforeAfterRule.java:45)
        at org.apache.lucene.util.TestRuleStoreClassName$1.evaluate(TestRuleStoreClassName.java:42)
        at com.carrotsearch.randomizedtesting.rules.SystemPropertiesInvariantRule$1.evaluate(SystemPropertiesInvariantRule.java:55)
        at com.carrotsearch.randomizedtesting.rules.NoShadowingOrOverridesOnMethodsRule$1.evaluate(NoShadowingOrOverridesOnMethodsRule.java:39)
        at com.carrotsearch.randomizedtesting.rules.NoShadowingOrOverridesOnMethodsRule$1.evaluate(NoShadowingOrOverridesOnMethodsRule.java:39)
        at com.carrotsearch.randomizedtesting.rules.StatementAdapter.evaluate(StatementAdapter.java:36)
        at org.apache.lucene.util.TestRuleAssertionsRequired$1.evaluate(TestRuleAssertionsRequired.java:43)
        at org.apache.lucene.util.TestRuleMarkFailure$1.evaluate(TestRuleMarkFailure.java:48)
        at org.apache.lucene.util.TestRuleIgnoreAfterMaxFailures$1.evaluate(TestRuleIgnoreAfterMaxFailures.java:70)
        at org.apache.lucene.util.TestRuleIgnoreTestSuites$1.evaluate(TestRuleIgnoreTestSuites.java:55)
        at com.carrotsearch.randomizedtesting.rules.StatementAdapter.evaluate(StatementAdapter.java:36)
        at com.carrotsearch.randomizedtesting.ThreadLeakControl$StatementRunner.run(ThreadLeakControl.java:358)
        at java.lang.Thread.run(Thread.java:662)




Build Log:
[...truncated 212 lines...]
[junit4:junit4] Suite: org.apache.lucene.index.TestStressIndexing2
[junit4:junit4]   2> NOTE: reproduce with: ant test  -Dtestcase=TestStressIndexing2 -Dtests.method=testMultiConfig -Dtests.seed=1A76D53A93A4ACAE -Dtests.slow=true -Dtests.locale=ja_JP -Dtests.timezone=SystemV/PST8 -Dtests.file.encoding=US-ASCII
[junit4:junit4] FAILURE 1.08s J5 | TestStressIndexing2.testMultiConfig <<<
[junit4:junit4]    > Throwable #1: java.lang.AssertionError: r1 is not empty but r2 is
[junit4:junit4]    >    at __randomizedtesting.SeedInfo.seed([1A76D53A93A4ACAE:D7E4A3E23EF2B3E0]:0)
[junit4:junit4]    >    at org.junit.Assert.fail(Assert.java:93)
[junit4:junit4]    >    at org.apache.lucene.index.TestStressIndexing2.verifyEquals(TestStressIndexing2.java:341)
[junit4:junit4]    >    at org.apache.lucene.index.TestStressIndexing2.verifyEquals(TestStressIndexing2.java:278)
[junit4:junit4]    >    at org.apache.lucene.index.TestStressIndexing2.testMultiConfig(TestStressIndexing2.java:127)
[junit4:junit4]    >    at sun.reflect.NativeMethodAccessorImpl.invoke0(Native Method)
[junit4:junit4]    >    at sun.reflect.NativeMethodAccessorImpl.invoke(NativeMethodAccessorImpl.java:39)
[junit4:junit4]    >    at sun.reflect.DelegatingMethodAccessorImpl.invoke(DelegatingMethodAccessorImpl.java:25)
[junit4:junit4]    >    at java.lang.reflect.Method.invoke(Method.java:597)
[junit4:junit4]    >    at com.carrotsearch.randomizedtesting.RandomizedRunner.invoke(RandomizedRunner.java:1559)
[junit4:junit4]    >    at com.carrotsearch.randomizedtesting.RandomizedRunner.access$600(RandomizedRunner.java:79)
[junit4:junit4]    >    at com.carrotsearch.randomizedtesting.RandomizedRunner$6.evaluate(RandomizedRunner.java:737)
[junit4:junit4]    >    at com.carrotsearch.randomizedtesting.RandomizedRunner$7.evaluate(RandomizedRunner.java:773)
[junit4:junit4]    >    at com.carrotsearch.randomizedtesting.RandomizedRunner$8.evaluate(RandomizedRunner.java:787)
[junit4:junit4]    >    at org.apache.lucene.util.TestRuleSetupTeardownChained$1.evaluate(TestRuleSetupTeardownChained.java:50)
[junit4:junit4]    >    at org.apache.lucene.util.TestRuleFieldCacheSanity$1.evaluate(TestRuleFieldCacheSanity.java:51)
[junit4:junit4]    >    at org.apache.lucene.util.AbstractBeforeAfterRule$1.evaluate(AbstractBeforeAfterRule.java:45)
[junit4:junit4]    >    at com.carrotsearch.randomizedtesting.rules.SystemPropertiesInvariantRule$1.evaluate(SystemPropertiesInvariantRule.java:55)
[junit4:junit4]    >    at org.apache.lucene.util.TestRuleThreadAndTestName$1.evaluate(TestRuleThreadAndTestName.java:48)
[junit4:junit4]    >    at org.apache.lucene.util.TestRuleIgnoreAfterMaxFailures$1.evaluate(TestRuleIgnoreAfterMaxFailures.java:70)
[junit4:junit4]    >    at org.apache.lucene.util.TestRuleMarkFailure$1.evaluate(TestRuleMarkFailure.java:48)
[junit4:junit4]    >    at com.carrotsearch.randomizedtesting.rules.StatementAdapter.evaluate(StatementAdapter.java:36)
[junit4:junit4]    >    at com.carrotsearch.randomizedtesting.ThreadLeakControl$StatementRunner.run(ThreadLeakControl.java:358)
[junit4:junit4]    >    at com.carrotsearch.randomizedtesting.ThreadLeakControl.forkTimeoutingTask(ThreadLeakControl.java:782)
[junit4:junit4]    >    at com.carrotsearch.randomizedtesting.ThreadLeakControl$3.evaluate(ThreadLeakControl.java:442)
[junit4:junit4]    >    at com.carrotsearch.randomizedtesting.RandomizedRunner.runSingleTest(RandomizedRunner.java:746)
[junit4:junit4]    >    at com.carrotsearch.randomizedtesting.RandomizedRunner$3.evaluate(RandomizedRunner.java:648)
[junit4:junit4]    >    at com.carrotsearch.randomizedtesting.RandomizedRunner$4.evaluate(RandomizedRunner.java:682)
[junit4:junit4]    >    at com.carrotsearch.randomizedtesting.RandomizedRunner$5.evaluate(RandomizedRunner.java:693)
[junit4:junit4]    >    at org.apache.lucene.util.AbstractBeforeAfterRule$1.evaluate(AbstractBeforeAfterRule.java:45)
[junit4:junit4]    >    at org.apache.lucene.util.TestRuleStoreClassName$1.evaluate(TestRuleStoreClassName.java:42)
[junit4:junit4]    >    at com.carrotsearch.randomizedtesting.rules.SystemPropertiesInvariantRule$1.evaluate(SystemPropertiesInvariantRule.java:55)
[junit4:junit4]    >    at com.carrotsearch.randomizedtesting.rules.NoShadowingOrOverridesOnMethodsRule$1.evaluate(NoShadowingOrOverridesOnMethodsRule.java:39)
[junit4:junit4]    >    at com.carrotsearch.randomizedtesting.rules.NoShadowingOrOverridesOnMethodsRule$1.evaluate(NoShadowingOrOverridesOnMethodsRule.java:39)
[junit4:junit4]    >    at com.carrotsearch.randomizedtesting.rules.StatementAdapter.evaluate(StatementAdapter.java:36)
[junit4:junit4]    >    at org.apache.lucene.util.TestRuleAssertionsRequired$1.evaluate(TestRuleAssertionsRequired.java:43)
[junit4:junit4]    >    at org.apache.lucene.util.TestRuleMarkFailure$1.evaluate(TestRuleMarkFailure.java:48)
[junit4:junit4]    >    at org.apache.lucene.util.TestRuleIgnoreAfterMaxFailures$1.evaluate(TestRuleIgnoreAfterMaxFailures.java:70)
[junit4:junit4]    >    at org.apache.lucene.util.TestRuleIgnoreTestSuites$1.evaluate(TestRuleIgnoreTestSuites.java:55)
[junit4:junit4]    >    at com.carrotsearch.randomizedtesting.rules.StatementAdapter.evaluate(StatementAdapter.java:36)
[junit4:junit4]    >    at com.carrotsearch.randomizedtesting.ThreadLeakControl$StatementRunner.run(ThreadLeakControl.java:358)
[junit4:junit4]    >    at java.lang.Thread.run(Thread.java:662)
[junit4:junit4]   2> NOTE: test params are: codec=Lucene41: {f57=Lucene41(blocksize=128), f8=PostingsFormat(name=MockRandom), f10=PostingsFormat(name=NestedPulsing), f23=PostingsFormat(name=Memory doPackFST= true), f22=PostingsFormat(name=MockRandom), f77=PostingsFormat(name=MockRandom), f25=PostingsFormat(name=NestedPulsing), f87=PostingsFormat(name=NestedPulsing), f62=PostingsFormat(name=MockRandom), f89=PostingsFormat(name=Memory doPackFST= true), f63=PostingsFormat(name=Memory doPackFST= true), f82=Lucene41(blocksize=128), f19=PostingsFormat(name=MockRandom), f65=PostingsFormat(name=NestedPulsing), f56=PostingsFormat(name=Memory doPackFST= true), f85=PostingsFormat(name=Memory doPackFST= true), f54=PostingsFormat(name=NestedPulsing), f17=Lucene41(blocksize=128), f81=PostingsFormat(name=Memory doPackFST= true), id=PostingsFormat(name=Memory doPackFST= true), f80=PostingsFormat(name=MockRandom), f91=PostingsFormat(name=MockRandom), f95=PostingsFormat(name=MockRandom), f5=PostingsFormat(name=Memory doPackFST= true)}, sim=RandomSimilarityProvider(queryNorm=true,coord=crazy): {f57=DFR I(n)B2, f8=DFR G2, f10=DFR I(F)B2, f23=DFR I(n)L2, f22=DFR I(ne)L2, f77=IB SPL-L1, f25=IB LL-L2, f87=DFR I(F)Z(0.3), f62=IB SPL-DZ(0.3), f63=DFR G1, f89=DFR G1, f82=DFR I(n)1, f19=DFR I(n)LZ(0.3), f56=DFR GBZ(0.3), f17=DFR I(n)2, f54=DFR I(F)B1, f80=DFR I(F)L1, f91=DFR I(n)3(800.0), f95=DFR I(n)3(800.0), f5=DFR I(n)B1}, locale=ja_JP, timezone=SystemV/PST8
[junit4:junit4]   2> NOTE: Linux 3.2.0-26-generic amd64/Sun Microsystems Inc. 1.6.0_33 (64-bit)/cpus=8,threads=1,free=226266176,total=247922688
[junit4:junit4]   2> NOTE: All tests run in this JVM: [TestSubScorerFreqs, TestTermScorer, TestLucene40PostingsFormat, TestWindowsMMap, TestVersionComparator, TestCompoundFile, TestPayloads, TestTermsEnum2, TestPagedBytes, TestStressIndexing2]
[junit4:junit4] Completed on J5 in 2.81s, 3 tests, 1 failure <<< FAILURES!



Good news: the seed reproduces for me 3 out 4 runs 


ant test-core  -Dtestcase=TestStressIndexing2 -Dtests.method=testMultiConfig -Dtests.seed=1A76D53A93A4ACAE -Dtests.slow=true -Dtests.locale=ja_JP -Dtests.timezone=SystemV/PST8 -Dtests.file.encoding=US-ASCII

